<?xml version="1.0" encoding="UTF-8"?>
<testng-results skipped="0" failed="0" ignored="1" total="5" passed="4">
  <reporter-output>
  </reporter-output>
  <suite name="test.Tests" duration-ms="72451" started-at="2019-08-22T18:48:49Z" finished-at="2019-08-22T18:50:02Z">
    <groups>
    </groups>
    <test name="Command line test" duration-ms="72451" started-at="2019-08-22T18:48:49Z" finished-at="2019-08-22T18:50:02Z">
      <class name="test.Tests">
        <test-method status="PASS" signature="setUp()[pri:0, instance:test.Tests@3fb6a447]" name="setUp" is-config="true" duration-ms="8694" started-at="2019-08-22T18:48:49Z" finished-at="2019-08-22T18:48:58Z">
          <reporter-output>
          </reporter-output>
        </test-method> <!-- setUp -->
        <test-method status="PASS" signature="createOT()[pri:1, instance:test.Tests@3fb6a447]" name="createOT" duration-ms="18292" started-at="2019-08-22T18:48:58Z" finished-at="2019-08-22T18:49:16Z">
          <reporter-output>
          </reporter-output>
        </test-method> <!-- createOT -->
        <test-method status="PASS" signature="tearDown()[pri:0, instance:test.Tests@3fb6a447]" name="tearDown" is-config="true" duration-ms="1080" started-at="2019-08-22T18:49:16Z" finished-at="2019-08-22T18:49:18Z">
          <reporter-output>
          </reporter-output>
        </test-method> <!-- tearDown -->
        <test-method status="PASS" signature="setUp()[pri:0, instance:test.Tests@3fb6a447]" name="setUp" is-config="true" duration-ms="4971" started-at="2019-08-22T18:49:18Z" finished-at="2019-08-22T18:49:22Z">
          <reporter-output>
          </reporter-output>
        </test-method> <!-- setUp -->
        <test-method status="PASS" signature="asignarDiasOT()[pri:2, instance:test.Tests@3fb6a447]" name="asignarDiasOT" duration-ms="4837" started-at="2019-08-22T18:49:22Z" depends-on-methods="test.Tests.createOT" finished-at="2019-08-22T18:49:27Z">
          <reporter-output>
          </reporter-output>
        </test-method> <!-- asignarDiasOT -->
        <test-method status="PASS" signature="tearDown()[pri:0, instance:test.Tests@3fb6a447]" name="tearDown" is-config="true" duration-ms="1089" started-at="2019-08-22T18:49:27Z" finished-at="2019-08-22T18:49:28Z">
          <reporter-output>
          </reporter-output>
        </test-method> <!-- tearDown -->
        <test-method status="PASS" signature="setUp()[pri:0, instance:test.Tests@3fb6a447]" name="setUp" is-config="true" duration-ms="4862" started-at="2019-08-22T18:49:28Z" finished-at="2019-08-22T18:49:33Z">
          <reporter-output>
          </reporter-output>
        </test-method> <!-- setUp -->
        <test-method status="PASS" signature="crearRecomendacionesDiagnostico()[pri:2, instance:test.Tests@3fb6a447]" name="crearRecomendacionesDiagnostico" duration-ms="14758" started-at="2019-08-22T18:49:33Z" depends-on-methods="test.Tests.createOT" finished-at="2019-08-22T18:49:48Z">
          <reporter-output>
          </reporter-output>
        </test-method> <!-- crearRecomendacionesDiagnostico -->
        <test-method status="PASS" signature="tearDown()[pri:0, instance:test.Tests@3fb6a447]" name="tearDown" is-config="true" duration-ms="1082" started-at="2019-08-22T18:49:48Z" finished-at="2019-08-22T18:49:49Z">
          <reporter-output>
          </reporter-output>
        </test-method> <!-- tearDown -->
        <test-method status="PASS" signature="setUp()[pri:0, instance:test.Tests@3fb6a447]" name="setUp" is-config="true" duration-ms="4795" started-at="2019-08-22T18:49:49Z" finished-at="2019-08-22T18:49:54Z">
          <reporter-output>
          </reporter-output>
        </test-method> <!-- setUp -->
        <test-method status="PASS" signature="generarReporteInspeccion()[pri:2, instance:test.Tests@3fb6a447]" name="generarReporteInspeccion" duration-ms="6901" started-at="2019-08-22T18:49:54Z" depends-on-methods="test.Tests.createOT" finished-at="2019-08-22T18:50:01Z">
          <reporter-output>
          </reporter-output>
        </test-method> <!-- generarReporteInspeccion -->
        <test-method status="PASS" signature="tearDown()[pri:0, instance:test.Tests@3fb6a447]" name="tearDown" is-config="true" duration-ms="1061" started-at="2019-08-22T18:50:01Z" finished-at="2019-08-22T18:50:02Z">
          <reporter-output>
          </reporter-output>
        </test-method> <!-- tearDown -->
      </class> <!-- test.Tests -->
    </test> <!-- Command line test -->
  </suite> <!-- test.Tests -->
</testng-results>
