<?xml version="1.0" encoding="UTF-8"?>
<!-- Generated by org.testng.reporters.JUnitXMLReporter -->
<testsuite hostname="LAPTOP-O0V14N3E" ignored="1" name="Command line test" tests="4" failures="0" timestamp="22 ago 2019 18:50:02 GMT" time="72.451" errors="0">
  <testcase name="createOT" time="18.292" classname="test.Tests"/>
  <testcase name="asignarDiasOT" time="4.837" classname="test.Tests"/>
  <testcase name="crearRecomendacionesDiagnostico" time="14.758" classname="test.Tests"/>
  <testcase name="generarReporteInspeccion" time="6.901" classname="test.Tests"/>
  <testcase name="crearCotizacion" time="0.0" classname="test.Tests">
    <ignored/>
  </testcase> <!-- crearCotizacion -->
</testsuite> <!-- Command line test -->
